<?xml version="1.0" encoding="UTF-8"?>
<!-- Generated by org.testng.reporters.JUnitXMLReporter -->
<testsuite hostname="LIN66005304" name="Smoke Test" tests="1" failures="1" timestamp="15 Sep 2020 07:32:47 GMT" time="106.107" errors="0">
  <testcase name="addNewCustomer" time="92.902" classname="com.inetbanking.testCases.TC_AddCustomerTest_003">
    <failure type="junit.framework.AssertionFailedError">
      <![CDATA[junit.framework.AssertionFailedError
	at junit.framework.Assert.fail(Assert.java:47)
	at junit.framework.Assert.assertTrue(Assert.java:20)
	at junit.framework.Assert.assertTrue(Assert.java:27)
	at com.inetbanking.testCases.TC_AddCustomerTest_003.addNewCustomer(TC_AddCustomerTest_003.java:50)
... Removed 24 stack frames]]>
    </failure>
  </testcase> <!-- addNewCustomer -->
</testsuite> <!-- Smoke Test -->
